0 info it worked if it ends with ok
1 verbose cli [ '/usr/bin/node', '/usr/bin/npm', 'install' ]
2 info using npm@1.2.32
3 info using node@v0.10.12
4 verbose node symlink /usr/bin/node
5 verbose read json /home/d1mmmk/www/gitplugins/jquery-touch/package.json
6 warn package.json jquery-touch@0.0.1 No repository field.
7 verbose readDependencies using package.json deps
8 verbose install where, deps [ '/home/d1mmmk/www/gitplugins/jquery-touch',
8 verbose install   [ 'grunt-contrib-watch',
8 verbose install     'grunt-contrib-connect',
8 verbose install     'grunt-contrib-coffee',
8 verbose install     'grunt-closure-compiler',
8 verbose install     'grunt' ] ]
9 verbose from cache /home/d1mmmk/www/gitplugins/jquery-touch/package.json
10 info preinstall jquery-touch@0.0.1
11 verbose read json /home/d1mmmk/www/gitplugins/jquery-touch/node_modules/grunt-closure-compiler/package.json
12 verbose read json /home/d1mmmk/www/gitplugins/jquery-touch/node_modules/grunt-contrib-coffee/package.json
13 verbose read json /home/d1mmmk/www/gitplugins/jquery-touch/node_modules/grunt-contrib-connect/package.json
14 verbose read json /home/d1mmmk/www/gitplugins/jquery-touch/node_modules/grunt-contrib-watch/package.json
15 verbose from cache /home/d1mmmk/www/gitplugins/jquery-touch/package.json
16 verbose readDependencies using package.json deps
17 verbose from cache /home/d1mmmk/www/gitplugins/jquery-touch/node_modules/grunt-closure-compiler/package.json
18 verbose from cache /home/d1mmmk/www/gitplugins/jquery-touch/node_modules/grunt-contrib-coffee/package.json
19 verbose from cache /home/d1mmmk/www/gitplugins/jquery-touch/node_modules/grunt-contrib-connect/package.json
20 verbose from cache /home/d1mmmk/www/gitplugins/jquery-touch/node_modules/grunt-contrib-watch/package.json
21 verbose already installed skipping grunt-closure-compiler@~0.0.18 /home/d1mmmk/www/gitplugins/jquery-touch
22 verbose already installed skipping grunt-contrib-coffee@~0.7.0 /home/d1mmmk/www/gitplugins/jquery-touch
23 verbose cache add [ 'grunt@~0.4.1', null ]
24 verbose cache add name=undefined spec="grunt@~0.4.1" args=["grunt@~0.4.1",null]
25 verbose parsed url { protocol: null,
25 verbose parsed url   slashes: null,
25 verbose parsed url   auth: null,
25 verbose parsed url   host: null,
25 verbose parsed url   port: null,
25 verbose parsed url   hostname: null,
25 verbose parsed url   hash: null,
25 verbose parsed url   search: null,
25 verbose parsed url   query: null,
25 verbose parsed url   pathname: 'grunt@~0.4.1',
25 verbose parsed url   path: 'grunt@~0.4.1',
25 verbose parsed url   href: 'grunt@~0.4.1' }
26 verbose cache add name="grunt" spec="~0.4.1" args=["grunt","~0.4.1"]
27 verbose parsed url { protocol: null,
27 verbose parsed url   slashes: null,
27 verbose parsed url   auth: null,
27 verbose parsed url   host: null,
27 verbose parsed url   port: null,
27 verbose parsed url   hostname: null,
27 verbose parsed url   hash: null,
27 verbose parsed url   search: null,
27 verbose parsed url   query: null,
27 verbose parsed url   pathname: '~0.4.1',
27 verbose parsed url   path: '~0.4.1',
27 verbose parsed url   href: '~0.4.1' }
28 verbose addNamed [ 'grunt', '~0.4.1' ]
29 verbose addNamed [ null, '>=0.4.1- <0.5.0-' ]
30 verbose already installed skipping grunt-contrib-watch@~0.4.3 /home/d1mmmk/www/gitplugins/jquery-touch
31 verbose already installed skipping grunt-contrib-connect@~0.3.0 /home/d1mmmk/www/gitplugins/jquery-touch
32 silly lockFile 766a3bd3-grunt-0-4-1 grunt@~0.4.1
33 verbose lock grunt@~0.4.1 /home/d1mmmk/.npm/766a3bd3-grunt-0-4-1.lock
34 silly addNameRange { name: 'grunt', range: '>=0.4.1- <0.5.0-', hasData: false }
35 verbose registry.get grunt not expired, no request
36 silly addNameRange number 2 { name: 'grunt', range: '>=0.4.1- <0.5.0-', hasData: true }
37 silly addNameRange versions [ 'grunt',
37 silly addNameRange   [ '0.1.0',
37 silly addNameRange     '0.1.1',
37 silly addNameRange     '0.1.2',
37 silly addNameRange     '0.2.0',
37 silly addNameRange     '0.2.1',
37 silly addNameRange     '0.2.2',
37 silly addNameRange     '0.2.3',
37 silly addNameRange     '0.2.4',
37 silly addNameRange     '0.2.5',
37 silly addNameRange     '0.2.6',
37 silly addNameRange     '0.2.7',
37 silly addNameRange     '0.2.8',
37 silly addNameRange     '0.2.9',
37 silly addNameRange     '0.2.10',
37 silly addNameRange     '0.2.11',
37 silly addNameRange     '0.2.12',
37 silly addNameRange     '0.2.13',
37 silly addNameRange     '0.2.14',
37 silly addNameRange     '0.2.15',
37 silly addNameRange     '0.3.0',
37 silly addNameRange     '0.3.1',
37 silly addNameRange     '0.3.2',
37 silly addNameRange     '0.3.3',
37 silly addNameRange     '0.3.4',
37 silly addNameRange     '0.3.5',
37 silly addNameRange     '0.3.6',
37 silly addNameRange     '0.3.7',
37 silly addNameRange     '0.3.8',
37 silly addNameRange     '0.3.9',
37 silly addNameRange     '0.3.10',
37 silly addNameRange     '0.3.11',
37 silly addNameRange     '0.3.12',
37 silly addNameRange     '0.3.13',
37 silly addNameRange     '0.3.14',
37 silly addNameRange     '0.3.15',
37 silly addNameRange     '0.3.16',
37 silly addNameRange     '0.3.17',
37 silly addNameRange     '0.4.0',
37 silly addNameRange     '0.4.1',
37 silly addNameRange     '0.3.13-a',
37 silly addNameRange     '0.4.0-a',
37 silly addNameRange     '0.4.0-rc1',
37 silly addNameRange     '0.4.0-rc2',
37 silly addNameRange     '0.4.0-rc3',
37 silly addNameRange     '0.4.0-rc4',
37 silly addNameRange     '0.4.0-rc5',
37 silly addNameRange     '0.4.0-rc6',
37 silly addNameRange     '0.4.0-rc7',
37 silly addNameRange     '0.4.0-rc8' ] ]
38 verbose addNamed [ 'grunt', '0.4.1' ]
39 verbose addNamed [ '0.4.1', '0.4.1' ]
40 silly lockFile f9e87dfe-grunt-0-4-1 grunt@0.4.1
41 verbose lock grunt@0.4.1 /home/d1mmmk/.npm/f9e87dfe-grunt-0-4-1.lock
42 verbose read json /home/d1mmmk/.npm/grunt/0.4.1/package/package.json
43 silly lockFile f9e87dfe-grunt-0-4-1 grunt@0.4.1
44 silly lockFile f9e87dfe-grunt-0-4-1 grunt@0.4.1
45 silly lockFile 766a3bd3-grunt-0-4-1 grunt@~0.4.1
46 silly lockFile 766a3bd3-grunt-0-4-1 grunt@~0.4.1
47 silly resolved [ { name: 'grunt',
47 silly resolved     description: 'The JavaScript Task Runner',
47 silly resolved     version: '0.4.1',
47 silly resolved     author: { name: '"Cowboy" Ben Alman', url: 'http://benalman.com/' },
47 silly resolved     homepage: 'http://gruntjs.com/',
47 silly resolved     repository: { type: 'git', url: 'git://github.com/gruntjs/grunt.git' },
47 silly resolved     bugs: { url: 'http://github.com/gruntjs/grunt/issues' },
47 silly resolved     licenses: [ [Object] ],
47 silly resolved     main: 'lib/grunt',
47 silly resolved     scripts: { test: 'grunt test' },
47 silly resolved     engines: { node: '>= 0.8.0' },
47 silly resolved     keywords:
47 silly resolved      [ 'task',
47 silly resolved        'async',
47 silly resolved        'cli',
47 silly resolved        'minify',
47 silly resolved        'uglify',
47 silly resolved        'build',
47 silly resolved        'lodash',
47 silly resolved        'unit',
47 silly resolved        'test',
47 silly resolved        'qunit',
47 silly resolved        'nodeunit',
47 silly resolved        'server',
47 silly resolved        'init',
47 silly resolved        'scaffold',
47 silly resolved        'make',
47 silly resolved        'jake',
47 silly resolved        'tool' ],
47 silly resolved     dependencies:
47 silly resolved      { async: '~0.1.22',
47 silly resolved        'coffee-script': '~1.3.3',
47 silly resolved        colors: '~0.6.0-1',
47 silly resolved        dateformat: '1.0.2-1.2.3',
47 silly resolved        eventemitter2: '~0.4.9',
47 silly resolved        'findup-sync': '~0.1.0',
47 silly resolved        glob: '~3.1.21',
47 silly resolved        hooker: '~0.2.3',
47 silly resolved        'iconv-lite': '~0.2.5',
47 silly resolved        minimatch: '~0.2.6',
47 silly resolved        nopt: '~1.0.10',
47 silly resolved        rimraf: '~2.0.2',
47 silly resolved        lodash: '~0.9.0',
47 silly resolved        'underscore.string': '~2.2.0rc',
47 silly resolved        which: '~1.0.5',
47 silly resolved        'js-yaml': '~2.0.2' },
47 silly resolved     devDependencies:
47 silly resolved      { temporary: '~0.0.4',
47 silly resolved        'grunt-contrib-jshint': '~0.1.1',
47 silly resolved        'grunt-contrib-nodeunit': '~0.1.2',
47 silly resolved        'grunt-contrib-watch': '~0.2.0',
47 silly resolved        difflet: '~0.2.3' },
47 silly resolved     contributors: [ [Object], [Object], [Object], [Object] ],
47 silly resolved     readme: '# Grunt: The JavaScript Task Runner [![Build Status](https://secure.travis-ci.org/gruntjs/grunt.png?branch=master)](http://travis-ci.org/gruntjs/grunt)\n\n### Documentation\n\nVisit the [gruntjs.com](http://gruntjs.com/) website for all the things.\n\n### Support / Contributing\nBefore you make an issue, please read our [Contributing](http://gruntjs.com/contributing) guide.\n\nYou can find the grunt team in [#grunt on irc.freenode.net](irc://irc.freenode.net/#grunt).\n\n### Release History\nSee the [CHANGELOG](CHANGELOG).\n',
47 silly resolved     readmeFilename: 'README.md',
47 silly resolved     _id: 'grunt@0.4.1',
47 silly resolved     _from: 'grunt@~0.4.1' } ]
48 info install grunt@0.4.1 into /home/d1mmmk/www/gitplugins/jquery-touch
49 info installOne grunt@0.4.1
50 verbose from cache /home/d1mmmk/.npm/grunt/0.4.1/package/package.json
51 info /home/d1mmmk/www/gitplugins/jquery-touch/node_modules/grunt unbuild
52 verbose read json /home/d1mmmk/www/gitplugins/jquery-touch/node_modules/grunt/package.json
53 verbose tar unpack /home/d1mmmk/.npm/grunt/0.4.1/package.tgz
54 silly lockFile b8e6e011--jquery-touch-node-modules-grunt tar:///home/d1mmmk/www/gitplugins/jquery-touch/node_modules/grunt
55 verbose lock tar:///home/d1mmmk/www/gitplugins/jquery-touch/node_modules/grunt /home/d1mmmk/.npm/b8e6e011--jquery-touch-node-modules-grunt.lock
56 silly lockFile 8d6dac48-mmmk-npm-grunt-0-4-1-package-tgz tar:///home/d1mmmk/.npm/grunt/0.4.1/package.tgz
57 verbose lock tar:///home/d1mmmk/.npm/grunt/0.4.1/package.tgz /home/d1mmmk/.npm/8d6dac48-mmmk-npm-grunt-0-4-1-package-tgz.lock
58 silly gunzTarPerm modes [ '755', '644' ]
59 silly gunzTarPerm extractEntry package.json
60 silly gunzTarPerm extractEntry .npmignore
61 silly gunzTarPerm extractEntry README.md
62 silly gunzTarPerm extractEntry Gruntfile.js
63 silly gunzTarPerm extractEntry custom-gruntfile.js
64 silly gunzTarPerm extractEntry test/fixtures/a.js
65 silly gunzTarPerm extractEntry test/fixtures/b.js
66 silly gunzTarPerm extractEntry test/fixtures/banner.js
67 silly gunzTarPerm extractEntry test/fixtures/banner2.js
68 silly gunzTarPerm extractEntry test/fixtures/banner3.js
69 silly gunzTarPerm extractEntry test/fixtures/Gruntfile-print-text.js
70 silly gunzTarPerm extractEntry test/fixtures/spawn-multibyte.js
71 silly gunzTarPerm extractEntry test/fixtures/spawn.js
72 silly gunzTarPerm extractEntry test/fixtures/iso-8859-1.json
73 silly gunzTarPerm extractEntry test/fixtures/expand/README.md
74 silly gunzTarPerm extractEntry test/fixtures/expand/css/baz.css
75 silly gunzTarPerm extractEntry test/fixtures/expand/css/qux.css
76 silly gunzTarPerm extractEntry test/fixtures/expand/deep/deep.txt
77 silly gunzTarPerm extractEntry test/fixtures/expand/deep/deeper/deeper.txt
78 silly gunzTarPerm extractEntry test/fixtures/expand/deep/deeper/deepest/deepest.txt
79 silly gunzTarPerm extractEntry test/fixtures/expand/js/bar.js
80 silly gunzTarPerm extractEntry test/fixtures/expand/js/foo.js
81 silly gunzTarPerm extractEntry test/fixtures/expand-mapping-ext/dir.ectory/file-no-extension
82 silly gunzTarPerm extractEntry test/fixtures/expand-mapping-ext/dir.ectory/sub.dir.ectory/file.ext.ension
83 silly gunzTarPerm extractEntry test/fixtures/expand-mapping-ext/file.ext.ension
84 silly gunzTarPerm extractEntry test/fixtures/files/dist/built-123-a.js
85 silly gunzTarPerm extractEntry test/fixtures/files/dist/built-123-b.js
86 silly gunzTarPerm extractEntry test/fixtures/files/dist/built-a.js
87 silly gunzTarPerm extractEntry test/fixtures/files/dist/built-b.js
88 silly gunzTarPerm extractEntry test/fixtures/files/dist/built.js
89 silly gunzTarPerm extractEntry test/fixtures/files/src/file1-123.js
90 silly gunzTarPerm extractEntry test/fixtures/files/src/file1.js
91 silly gunzTarPerm extractEntry test/fixtures/files/src/file2-123.js
92 silly gunzTarPerm extractEntry test/fixtures/files/src/file2.js
93 silly gunzTarPerm extractEntry test/fixtures/BOM.txt
94 silly gunzTarPerm extractEntry test/fixtures/iso-8859-1.txt
95 silly gunzTarPerm extractEntry test/fixtures/iso-8859-1.yaml
96 silly gunzTarPerm extractEntry test/fixtures/lint.txt
97 silly gunzTarPerm extractEntry test/fixtures/no_BOM.txt
98 silly gunzTarPerm extractEntry test/fixtures/octocat.png
99 silly gunzTarPerm extractEntry test/fixtures/exec.cmd
100 silly gunzTarPerm extractEntry test/fixtures/exec.sh
101 silly gunzTarPerm extractEntry test/fixtures/template.txt
102 silly gunzTarPerm extractEntry test/fixtures/test.json
103 silly gunzTarPerm extractEntry test/fixtures/utf8.json
104 silly gunzTarPerm extractEntry test/fixtures/utf8.txt
105 silly gunzTarPerm extractEntry test/fixtures/utf8.yaml
106 silly gunzTarPerm extractEntry test/grunt/config_test.js
107 silly gunzTarPerm extractEntry test/grunt/event_test.js
108 silly gunzTarPerm extractEntry test/grunt/file_test.js
109 silly gunzTarPerm extractEntry test/grunt/log_test.js
110 silly gunzTarPerm extractEntry test/grunt/option_test.js
111 silly gunzTarPerm extractEntry test/grunt/task_test.js
112 silly gunzTarPerm extractEntry test/grunt/template_test.js
113 silly gunzTarPerm extractEntry test/grunt/util_test.js
114 silly gunzTarPerm extractEntry test/gruntfile/multi-task-files.js
115 silly gunzTarPerm extractEntry test/util/namespace_test.js
116 silly gunzTarPerm extractEntry test/util/task_test.js
117 silly gunzTarPerm extractEntry .travis.yml
118 silly gunzTarPerm extractEntry AUTHORS
119 silly gunzTarPerm extractEntry CHANGELOG
120 silly gunzTarPerm extractEntry docs/README.md
121 silly gunzTarPerm extractEntry lib/grunt.js
122 silly gunzTarPerm extractEntry lib/grunt/cli.js
123 silly gunzTarPerm extractEntry lib/grunt/event.js
124 silly gunzTarPerm extractEntry lib/grunt/fail.js
125 silly gunzTarPerm extractEntry lib/grunt/file.js
126 silly gunzTarPerm extractEntry lib/grunt/config.js
127 silly gunzTarPerm extractEntry lib/grunt/log.js
128 silly gunzTarPerm extractEntry lib/grunt/option.js
129 silly gunzTarPerm extractEntry lib/grunt/task.js
130 silly gunzTarPerm extractEntry lib/grunt/template.js
131 silly gunzTarPerm extractEntry lib/grunt/util.js
132 silly gunzTarPerm extractEntry lib/grunt/help.js
133 silly gunzTarPerm extractEntry lib/util/exit.js
134 silly gunzTarPerm extractEntry lib/util/namespace.js
135 silly gunzTarPerm extractEntry lib/util/task.js
136 silly gunzTarPerm extractEntry CONTRIBUTING.md
137 silly gunzTarPerm extractEntry LICENSE-MIT
138 verbose read json /home/d1mmmk/www/gitplugins/jquery-touch/node_modules/grunt/package.json
139 silly lockFile b8e6e011--jquery-touch-node-modules-grunt tar:///home/d1mmmk/www/gitplugins/jquery-touch/node_modules/grunt
140 silly lockFile b8e6e011--jquery-touch-node-modules-grunt tar:///home/d1mmmk/www/gitplugins/jquery-touch/node_modules/grunt
141 silly lockFile 8d6dac48-mmmk-npm-grunt-0-4-1-package-tgz tar:///home/d1mmmk/.npm/grunt/0.4.1/package.tgz
142 silly lockFile 8d6dac48-mmmk-npm-grunt-0-4-1-package-tgz tar:///home/d1mmmk/.npm/grunt/0.4.1/package.tgz
143 info preinstall grunt@0.4.1
144 verbose from cache /home/d1mmmk/www/gitplugins/jquery-touch/node_modules/grunt/package.json
145 verbose readDependencies using package.json deps
146 verbose from cache /home/d1mmmk/www/gitplugins/jquery-touch/node_modules/grunt/package.json
147 verbose readDependencies using package.json deps
148 verbose cache add [ 'colors@~0.6.0-1', null ]
149 verbose cache add name=undefined spec="colors@~0.6.0-1" args=["colors@~0.6.0-1",null]
150 verbose parsed url { protocol: null,
150 verbose parsed url   slashes: null,
150 verbose parsed url   auth: null,
150 verbose parsed url   host: null,
150 verbose parsed url   port: null,
150 verbose parsed url   hostname: null,
150 verbose parsed url   hash: null,
150 verbose parsed url   search: null,
150 verbose parsed url   query: null,
150 verbose parsed url   pathname: 'colors@~0.6.0-1',
150 verbose parsed url   path: 'colors@~0.6.0-1',
150 verbose parsed url   href: 'colors@~0.6.0-1' }
151 verbose cache add name="colors" spec="~0.6.0-1" args=["colors","~0.6.0-1"]
152 verbose parsed url { protocol: null,
152 verbose parsed url   slashes: null,
152 verbose parsed url   auth: null,
152 verbose parsed url   host: null,
152 verbose parsed url   port: null,
152 verbose parsed url   hostname: null,
152 verbose parsed url   hash: null,
152 verbose parsed url   search: null,
152 verbose parsed url   query: null,
152 verbose parsed url   pathname: '~0.6.0-1',
152 verbose parsed url   path: '~0.6.0-1',
152 verbose parsed url   href: '~0.6.0-1' }
153 verbose addNamed [ 'colors', '~0.6.0-1' ]
154 verbose addNamed [ null, '>=0.6.0-1 <0.7.0-' ]
155 silly lockFile f29bff6b-colors-0-6-0-1 colors@~0.6.0-1
156 verbose lock colors@~0.6.0-1 /home/d1mmmk/.npm/f29bff6b-colors-0-6-0-1.lock
157 verbose cache add [ 'async@~0.1.22', null ]
158 verbose cache add name=undefined spec="async@~0.1.22" args=["async@~0.1.22",null]
159 verbose parsed url { protocol: null,
159 verbose parsed url   slashes: null,
159 verbose parsed url   auth: null,
159 verbose parsed url   host: null,
159 verbose parsed url   port: null,
159 verbose parsed url   hostname: null,
159 verbose parsed url   hash: null,
159 verbose parsed url   search: null,
159 verbose parsed url   query: null,
159 verbose parsed url   pathname: 'async@~0.1.22',
159 verbose parsed url   path: 'async@~0.1.22',
159 verbose parsed url   href: 'async@~0.1.22' }
160 verbose cache add name="async" spec="~0.1.22" args=["async","~0.1.22"]
161 verbose parsed url { protocol: null,
161 verbose parsed url   slashes: null,
161 verbose parsed url   auth: null,
161 verbose parsed url   host: null,
161 verbose parsed url   port: null,
161 verbose parsed url   hostname: null,
161 verbose parsed url   hash: null,
161 verbose parsed url   search: null,
161 verbose parsed url   query: null,
161 verbose parsed url   pathname: '~0.1.22',
161 verbose parsed url   path: '~0.1.22',
161 verbose parsed url   href: '~0.1.22' }
162 verbose addNamed [ 'async', '~0.1.22' ]
163 verbose addNamed [ null, '>=0.1.22- <0.2.0-' ]
164 silly lockFile 3af71045-async-0-1-22 async@~0.1.22
165 verbose lock async@~0.1.22 /home/d1mmmk/.npm/3af71045-async-0-1-22.lock
166 verbose cache add [ 'coffee-script@~1.3.3', null ]
167 verbose cache add name=undefined spec="coffee-script@~1.3.3" args=["coffee-script@~1.3.3",null]
168 verbose parsed url { protocol: null,
168 verbose parsed url   slashes: null,
168 verbose parsed url   auth: null,
168 verbose parsed url   host: null,
168 verbose parsed url   port: null,
168 verbose parsed url   hostname: null,
168 verbose parsed url   hash: null,
168 verbose parsed url   search: null,
168 verbose parsed url   query: null,
168 verbose parsed url   pathname: 'coffee-script@~1.3.3',
168 verbose parsed url   path: 'coffee-script@~1.3.3',
168 verbose parsed url   href: 'coffee-script@~1.3.3' }
169 verbose cache add name="coffee-script" spec="~1.3.3" args=["coffee-script","~1.3.3"]
170 verbose parsed url { protocol: null,
170 verbose parsed url   slashes: null,
170 verbose parsed url   auth: null,
170 verbose parsed url   host: null,
170 verbose parsed url   port: null,
170 verbose parsed url   hostname: null,
170 verbose parsed url   hash: null,
170 verbose parsed url   search: null,
170 verbose parsed url   query: null,
170 verbose parsed url   pathname: '~1.3.3',
170 verbose parsed url   path: '~1.3.3',
170 verbose parsed url   href: '~1.3.3' }
171 verbose addNamed [ 'coffee-script', '~1.3.3' ]
172 verbose addNamed [ null, '>=1.3.3- <1.4.0-' ]
173 silly lockFile f72bb580-coffee-script-1-3-3 coffee-script@~1.3.3
174 verbose lock coffee-script@~1.3.3 /home/d1mmmk/.npm/f72bb580-coffee-script-1-3-3.lock
175 silly addNameRange { name: 'colors', range: '>=0.6.0-1 <0.7.0-', hasData: false }
176 silly addNameRange { name: 'async', range: '>=0.1.22- <0.2.0-', hasData: false }
177 verbose cache add [ 'dateformat@1.0.2-1.2.3', null ]
178 verbose cache add name=undefined spec="dateformat@1.0.2-1.2.3" args=["dateformat@1.0.2-1.2.3",null]
179 verbose parsed url { protocol: null,
179 verbose parsed url   slashes: null,
179 verbose parsed url   auth: null,
179 verbose parsed url   host: null,
179 verbose parsed url   port: null,
179 verbose parsed url   hostname: null,
179 verbose parsed url   hash: null,
179 verbose parsed url   search: null,
179 verbose parsed url   query: null,
179 verbose parsed url   pathname: 'dateformat@1.0.2-1.2.3',
179 verbose parsed url   path: 'dateformat@1.0.2-1.2.3',
179 verbose parsed url   href: 'dateformat@1.0.2-1.2.3' }
180 verbose cache add name="dateformat" spec="1.0.2-1.2.3" args=["dateformat","1.0.2-1.2.3"]
181 verbose parsed url { protocol: null,
181 verbose parsed url   slashes: null,
181 verbose parsed url   auth: null,
181 verbose parsed url   host: null,
181 verbose parsed url   port: null,
181 verbose parsed url   hostname: null,
181 verbose parsed url   hash: null,
181 verbose parsed url   search: null,
181 verbose parsed url   query: null,
181 verbose parsed url   pathname: '1.0.2-1.2.3',
181 verbose parsed url   path: '1.0.2-1.2.3',
181 verbose parsed url   href: '1.0.2-1.2.3' }
182 verbose addNamed [ 'dateformat', '1.0.2-1.2.3' ]
183 verbose addNamed [ '1.0.2-1.2.3', '1.0.2-1.2.3' ]
184 silly lockFile 644d6e27-dateformat-1-0-2-1-2-3 dateformat@1.0.2-1.2.3
185 verbose lock dateformat@1.0.2-1.2.3 /home/d1mmmk/.npm/644d6e27-dateformat-1-0-2-1-2-3.lock
186 verbose cache add [ 'eventemitter2@~0.4.9', null ]
187 verbose cache add name=undefined spec="eventemitter2@~0.4.9" args=["eventemitter2@~0.4.9",null]
188 verbose parsed url { protocol: null,
188 verbose parsed url   slashes: null,
188 verbose parsed url   auth: null,
188 verbose parsed url   host: null,
188 verbose parsed url   port: null,
188 verbose parsed url   hostname: null,
188 verbose parsed url   hash: null,
188 verbose parsed url   search: null,
188 verbose parsed url   query: null,
188 verbose parsed url   pathname: 'eventemitter2@~0.4.9',
188 verbose parsed url   path: 'eventemitter2@~0.4.9',
188 verbose parsed url   href: 'eventemitter2@~0.4.9' }
189 verbose cache add name="eventemitter2" spec="~0.4.9" args=["eventemitter2","~0.4.9"]
190 verbose parsed url { protocol: null,
190 verbose parsed url   slashes: null,
190 verbose parsed url   auth: null,
190 verbose parsed url   host: null,
190 verbose parsed url   port: null,
190 verbose parsed url   hostname: null,
190 verbose parsed url   hash: null,
190 verbose parsed url   search: null,
190 verbose parsed url   query: null,
190 verbose parsed url   pathname: '~0.4.9',
190 verbose parsed url   path: '~0.4.9',
190 verbose parsed url   href: '~0.4.9' }
191 verbose addNamed [ 'eventemitter2', '~0.4.9' ]
192 verbose addNamed [ null, '>=0.4.9- <0.5.0-' ]
193 silly lockFile 70573e74-eventemitter2-0-4-9 eventemitter2@~0.4.9
194 verbose lock eventemitter2@~0.4.9 /home/d1mmmk/.npm/70573e74-eventemitter2-0-4-9.lock
195 verbose cache add [ 'findup-sync@~0.1.0', null ]
196 verbose cache add name=undefined spec="findup-sync@~0.1.0" args=["findup-sync@~0.1.0",null]
197 verbose parsed url { protocol: null,
197 verbose parsed url   slashes: null,
197 verbose parsed url   auth: null,
197 verbose parsed url   host: null,
197 verbose parsed url   port: null,
197 verbose parsed url   hostname: null,
197 verbose parsed url   hash: null,
197 verbose parsed url   search: null,
197 verbose parsed url   query: null,
197 verbose parsed url   pathname: 'findup-sync@~0.1.0',
197 verbose parsed url   path: 'findup-sync@~0.1.0',
197 verbose parsed url   href: 'findup-sync@~0.1.0' }
198 verbose cache add name="findup-sync" spec="~0.1.0" args=["findup-sync","~0.1.0"]
199 verbose parsed url { protocol: null,
199 verbose parsed url   slashes: null,
199 verbose parsed url   auth: null,
199 verbose parsed url   host: null,
199 verbose parsed url   port: null,
199 verbose parsed url   hostname: null,
199 verbose parsed url   hash: null,
199 verbose parsed url   search: null,
199 verbose parsed url   query: null,
199 verbose parsed url   pathname: '~0.1.0',
199 verbose parsed url   path: '~0.1.0',
199 verbose parsed url   href: '~0.1.0' }
200 verbose addNamed [ 'findup-sync', '~0.1.0' ]
201 verbose addNamed [ null, '>=0.1.0- <0.2.0-' ]
202 silly lockFile 625605b9-findup-sync-0-1-0 findup-sync@~0.1.0
203 verbose lock findup-sync@~0.1.0 /home/d1mmmk/.npm/625605b9-findup-sync-0-1-0.lock
204 verbose cache add [ 'glob@~3.1.21', null ]
205 verbose cache add name=undefined spec="glob@~3.1.21" args=["glob@~3.1.21",null]
206 verbose parsed url { protocol: null,
206 verbose parsed url   slashes: null,
206 verbose parsed url   auth: null,
206 verbose parsed url   host: null,
206 verbose parsed url   port: null,
206 verbose parsed url   hostname: null,
206 verbose parsed url   hash: null,
206 verbose parsed url   search: null,
206 verbose parsed url   query: null,
206 verbose parsed url   pathname: 'glob@~3.1.21',
206 verbose parsed url   path: 'glob@~3.1.21',
206 verbose parsed url   href: 'glob@~3.1.21' }
207 verbose cache add name="glob" spec="~3.1.21" args=["glob","~3.1.21"]
208 verbose parsed url { protocol: null,
208 verbose parsed url   slashes: null,
208 verbose parsed url   auth: null,
208 verbose parsed url   host: null,
208 verbose parsed url   port: null,
208 verbose parsed url   hostname: null,
208 verbose parsed url   hash: null,
208 verbose parsed url   search: null,
208 verbose parsed url   query: null,
208 verbose parsed url   pathname: '~3.1.21',
208 verbose parsed url   path: '~3.1.21',
208 verbose parsed url   href: '~3.1.21' }
209 verbose addNamed [ 'glob', '~3.1.21' ]
210 verbose addNamed [ null, '>=3.1.21- <3.2.0-' ]
211 silly lockFile b5074ddc-glob-3-1-21 glob@~3.1.21
212 verbose lock glob@~3.1.21 /home/d1mmmk/.npm/b5074ddc-glob-3-1-21.lock
213 silly addNameRange { name: 'coffee-script',
213 silly addNameRange   range: '>=1.3.3- <1.4.0-',
213 silly addNameRange   hasData: false }
214 silly addNameRange { name: 'eventemitter2',
214 silly addNameRange   range: '>=0.4.9- <0.5.0-',
214 silly addNameRange   hasData: false }
215 silly addNameRange { name: 'findup-sync',
215 silly addNameRange   range: '>=0.1.0- <0.2.0-',
215 silly addNameRange   hasData: false }
216 verbose cache add [ 'hooker@~0.2.3', null ]
217 verbose cache add name=undefined spec="hooker@~0.2.3" args=["hooker@~0.2.3",null]
218 verbose parsed url { protocol: null,
218 verbose parsed url   slashes: null,
218 verbose parsed url   auth: null,
218 verbose parsed url   host: null,
218 verbose parsed url   port: null,
218 verbose parsed url   hostname: null,
218 verbose parsed url   hash: null,
218 verbose parsed url   search: null,
218 verbose parsed url   query: null,
218 verbose parsed url   pathname: 'hooker@~0.2.3',
218 verbose parsed url   path: 'hooker@~0.2.3',
218 verbose parsed url   href: 'hooker@~0.2.3' }
219 verbose cache add name="hooker" spec="~0.2.3" args=["hooker","~0.2.3"]
220 verbose parsed url { protocol: null,
220 verbose parsed url   slashes: null,
220 verbose parsed url   auth: null,
220 verbose parsed url   host: null,
220 verbose parsed url   port: null,
220 verbose parsed url   hostname: null,
220 verbose parsed url   hash: null,
220 verbose parsed url   search: null,
220 verbose parsed url   query: null,
220 verbose parsed url   pathname: '~0.2.3',
220 verbose parsed url   path: '~0.2.3',
220 verbose parsed url   href: '~0.2.3' }
221 verbose addNamed [ 'hooker', '~0.2.3' ]
222 verbose addNamed [ null, '>=0.2.3- <0.3.0-' ]
223 silly lockFile 2bcd1457-hooker-0-2-3 hooker@~0.2.3
224 verbose lock hooker@~0.2.3 /home/d1mmmk/.npm/2bcd1457-hooker-0-2-3.lock
225 verbose cache add [ 'iconv-lite@~0.2.5', null ]
226 verbose cache add name=undefined spec="iconv-lite@~0.2.5" args=["iconv-lite@~0.2.5",null]
227 verbose parsed url { protocol: null,
227 verbose parsed url   slashes: null,
227 verbose parsed url   auth: null,
227 verbose parsed url   host: null,
227 verbose parsed url   port: null,
227 verbose parsed url   hostname: null,
227 verbose parsed url   hash: null,
227 verbose parsed url   search: null,
227 verbose parsed url   query: null,
227 verbose parsed url   pathname: 'iconv-lite@~0.2.5',
227 verbose parsed url   path: 'iconv-lite@~0.2.5',
227 verbose parsed url   href: 'iconv-lite@~0.2.5' }
228 verbose cache add name="iconv-lite" spec="~0.2.5" args=["iconv-lite","~0.2.5"]
229 verbose parsed url { protocol: null,
229 verbose parsed url   slashes: null,
229 verbose parsed url   auth: null,
229 verbose parsed url   host: null,
229 verbose parsed url   port: null,
229 verbose parsed url   hostname: null,
229 verbose parsed url   hash: null,
229 verbose parsed url   search: null,
229 verbose parsed url   query: null,
229 verbose parsed url   pathname: '~0.2.5',
229 verbose parsed url   path: '~0.2.5',
229 verbose parsed url   href: '~0.2.5' }
230 verbose addNamed [ 'iconv-lite', '~0.2.5' ]
231 verbose addNamed [ null, '>=0.2.5- <0.3.0-' ]
232 silly lockFile ca9efaa1-iconv-lite-0-2-5 iconv-lite@~0.2.5
233 verbose lock iconv-lite@~0.2.5 /home/d1mmmk/.npm/ca9efaa1-iconv-lite-0-2-5.lock
234 verbose cache add [ 'minimatch@~0.2.6', null ]
235 verbose cache add name=undefined spec="minimatch@~0.2.6" args=["minimatch@~0.2.6",null]
236 verbose parsed url { protocol: null,
236 verbose parsed url   slashes: null,
236 verbose parsed url   auth: null,
236 verbose parsed url   host: null,
236 verbose parsed url   port: null,
236 verbose parsed url   hostname: null,
236 verbose parsed url   hash: null,
236 verbose parsed url   search: null,
236 verbose parsed url   query: null,
236 verbose parsed url   pathname: 'minimatch@~0.2.6',
236 verbose parsed url   path: 'minimatch@~0.2.6',
236 verbose parsed url   href: 'minimatch@~0.2.6' }
237 verbose cache add name="minimatch" spec="~0.2.6" args=["minimatch","~0.2.6"]
238 verbose parsed url { protocol: null,
238 verbose parsed url   slashes: null,
238 verbose parsed url   auth: null,
238 verbose parsed url   host: null,
238 verbose parsed url   port: null,
238 verbose parsed url   hostname: null,
238 verbose parsed url   hash: null,
238 verbose parsed url   search: null,
238 verbose parsed url   query: null,
238 verbose parsed url   pathname: '~0.2.6',
238 verbose parsed url   path: '~0.2.6',
238 verbose parsed url   href: '~0.2.6' }
239 verbose addNamed [ 'minimatch', '~0.2.6' ]
240 verbose addNamed [ null, '>=0.2.6- <0.3.0-' ]
241 silly lockFile 5922ee11-minimatch-0-2-6 minimatch@~0.2.6
242 verbose lock minimatch@~0.2.6 /home/d1mmmk/.npm/5922ee11-minimatch-0-2-6.lock
243 verbose cache add [ 'nopt@~1.0.10', null ]
244 verbose cache add name=undefined spec="nopt@~1.0.10" args=["nopt@~1.0.10",null]
245 verbose parsed url { protocol: null,
245 verbose parsed url   slashes: null,
245 verbose parsed url   auth: null,
245 verbose parsed url   host: null,
245 verbose parsed url   port: null,
245 verbose parsed url   hostname: null,
245 verbose parsed url   hash: null,
245 verbose parsed url   search: null,
245 verbose parsed url   query: null,
245 verbose parsed url   pathname: 'nopt@~1.0.10',
245 verbose parsed url   path: 'nopt@~1.0.10',
245 verbose parsed url   href: 'nopt@~1.0.10' }
246 verbose cache add name="nopt" spec="~1.0.10" args=["nopt","~1.0.10"]
247 verbose parsed url { protocol: null,
247 verbose parsed url   slashes: null,
247 verbose parsed url   auth: null,
247 verbose parsed url   host: null,
247 verbose parsed url   port: null,
247 verbose parsed url   hostname: null,
247 verbose parsed url   hash: null,
247 verbose parsed url   search: null,
247 verbose parsed url   query: null,
247 verbose parsed url   pathname: '~1.0.10',
247 verbose parsed url   path: '~1.0.10',
247 verbose parsed url   href: '~1.0.10' }
248 verbose addNamed [ 'nopt', '~1.0.10' ]
249 verbose addNamed [ null, '>=1.0.10- <1.1.0-' ]
250 silly lockFile 79f78dba-nopt-1-0-10 nopt@~1.0.10
251 verbose lock nopt@~1.0.10 /home/d1mmmk/.npm/79f78dba-nopt-1-0-10.lock
252 verbose cache add [ 'rimraf@~2.0.2', null ]
253 verbose cache add name=undefined spec="rimraf@~2.0.2" args=["rimraf@~2.0.2",null]
254 verbose parsed url { protocol: null,
254 verbose parsed url   slashes: null,
254 verbose parsed url   auth: null,
254 verbose parsed url   host: null,
254 verbose parsed url   port: null,
254 verbose parsed url   hostname: null,
254 verbose parsed url   hash: null,
254 verbose parsed url   search: null,
254 verbose parsed url   query: null,
254 verbose parsed url   pathname: 'rimraf@~2.0.2',
254 verbose parsed url   path: 'rimraf@~2.0.2',
254 verbose parsed url   href: 'rimraf@~2.0.2' }
255 verbose cache add name="rimraf" spec="~2.0.2" args=["rimraf","~2.0.2"]
256 verbose parsed url { protocol: null,
256 verbose parsed url   slashes: null,
256 verbose parsed url   auth: null,
256 verbose parsed url   host: null,
256 verbose parsed url   port: null,
256 verbose parsed url   hostname: null,
256 verbose parsed url   hash: null,
256 verbose parsed url   search: null,
256 verbose parsed url   query: null,
256 verbose parsed url   pathname: '~2.0.2',
256 verbose parsed url   path: '~2.0.2',
256 verbose parsed url   href: '~2.0.2' }
257 verbose addNamed [ 'rimraf', '~2.0.2' ]
258 verbose addNamed [ null, '>=2.0.2- <2.1.0-' ]
259 silly lockFile 723423b4-rimraf-2-0-2 rimraf@~2.0.2
260 verbose lock rimraf@~2.0.2 /home/d1mmmk/.npm/723423b4-rimraf-2-0-2.lock
261 verbose cache add [ 'lodash@~0.9.0', null ]
262 verbose cache add name=undefined spec="lodash@~0.9.0" args=["lodash@~0.9.0",null]
263 verbose parsed url { protocol: null,
263 verbose parsed url   slashes: null,
263 verbose parsed url   auth: null,
263 verbose parsed url   host: null,
263 verbose parsed url   port: null,
263 verbose parsed url   hostname: null,
263 verbose parsed url   hash: null,
263 verbose parsed url   search: null,
263 verbose parsed url   query: null,
263 verbose parsed url   pathname: 'lodash@~0.9.0',
263 verbose parsed url   path: 'lodash@~0.9.0',
263 verbose parsed url   href: 'lodash@~0.9.0' }
264 verbose cache add name="lodash" spec="~0.9.0" args=["lodash","~0.9.0"]
265 verbose parsed url { protocol: null,
265 verbose parsed url   slashes: null,
265 verbose parsed url   auth: null,
265 verbose parsed url   host: null,
265 verbose parsed url   port: null,
265 verbose parsed url   hostname: null,
265 verbose parsed url   hash: null,
265 verbose parsed url   search: null,
265 verbose parsed url   query: null,
265 verbose parsed url   pathname: '~0.9.0',
265 verbose parsed url   path: '~0.9.0',
265 verbose parsed url   href: '~0.9.0' }
266 verbose addNamed [ 'lodash', '~0.9.0' ]
267 verbose addNamed [ null, '>=0.9.0- <0.10.0-' ]
268 silly lockFile 429879b8-lodash-0-9-0 lodash@~0.9.0
269 verbose lock lodash@~0.9.0 /home/d1mmmk/.npm/429879b8-lodash-0-9-0.lock
270 verbose cache add [ 'underscore.string@~2.2.0rc', null ]
271 verbose cache add name=undefined spec="underscore.string@~2.2.0rc" args=["underscore.string@~2.2.0rc",null]
272 verbose parsed url { protocol: null,
272 verbose parsed url   slashes: null,
272 verbose parsed url   auth: null,
272 verbose parsed url   host: null,
272 verbose parsed url   port: null,
272 verbose parsed url   hostname: null,
272 verbose parsed url   hash: null,
272 verbose parsed url   search: null,
272 verbose parsed url   query: null,
272 verbose parsed url   pathname: 'underscore.string@~2.2.0rc',
272 verbose parsed url   path: 'underscore.string@~2.2.0rc',
272 verbose parsed url   href: 'underscore.string@~2.2.0rc' }
273 verbose cache add name="underscore.string" spec="~2.2.0rc" args=["underscore.string","~2.2.0rc"]
274 verbose parsed url { protocol: null,
274 verbose parsed url   slashes: null,
274 verbose parsed url   auth: null,
274 verbose parsed url   host: null,
274 verbose parsed url   port: null,
274 verbose parsed url   hostname: null,
274 verbose parsed url   hash: null,
274 verbose parsed url   search: null,
274 verbose parsed url   query: null,
274 verbose parsed url   pathname: '~2.2.0rc',
274 verbose parsed url   path: '~2.2.0rc',
274 verbose parsed url   href: '~2.2.0rc' }
275 verbose addNamed [ 'underscore.string', '~2.2.0rc' ]
276 verbose addNamed [ null, '>=2.2.0rc <2.3.0-' ]
277 silly lockFile d5a5a3c6-underscore-string-2-2-0rc underscore.string@~2.2.0rc
278 verbose lock underscore.string@~2.2.0rc /home/d1mmmk/.npm/d5a5a3c6-underscore-string-2-2-0rc.lock
279 silly addNameRange { name: 'glob', range: '>=3.1.21- <3.2.0-', hasData: false }
280 silly addNameRange { name: 'hooker', range: '>=0.2.3- <0.3.0-', hasData: false }
281 silly addNameRange { name: 'iconv-lite', range: '>=0.2.5- <0.3.0-', hasData: false }
282 silly addNameRange { name: 'minimatch', range: '>=0.2.6- <0.3.0-', hasData: false }
283 silly addNameRange { name: 'nopt', range: '>=1.0.10- <1.1.0-', hasData: false }
284 silly addNameRange { name: 'rimraf', range: '>=2.0.2- <2.1.0-', hasData: false }
285 silly addNameRange { name: 'lodash', range: '>=0.9.0- <0.10.0-', hasData: false }
286 verbose cache add [ 'which@~1.0.5', null ]
287 verbose cache add name=undefined spec="which@~1.0.5" args=["which@~1.0.5",null]
288 verbose parsed url { protocol: null,
288 verbose parsed url   slashes: null,
288 verbose parsed url   auth: null,
288 verbose parsed url   host: null,
288 verbose parsed url   port: null,
288 verbose parsed url   hostname: null,
288 verbose parsed url   hash: null,
288 verbose parsed url   search: null,
288 verbose parsed url   query: null,
288 verbose parsed url   pathname: 'which@~1.0.5',
288 verbose parsed url   path: 'which@~1.0.5',
288 verbose parsed url   href: 'which@~1.0.5' }
289 verbose cache add name="which" spec="~1.0.5" args=["which","~1.0.5"]
290 verbose parsed url { protocol: null,
290 verbose parsed url   slashes: null,
290 verbose parsed url   auth: null,
290 verbose parsed url   host: null,
290 verbose parsed url   port: null,
290 verbose parsed url   hostname: null,
290 verbose parsed url   hash: null,
290 verbose parsed url   search: null,
290 verbose parsed url   query: null,
290 verbose parsed url   pathname: '~1.0.5',
290 verbose parsed url   path: '~1.0.5',
290 verbose parsed url   href: '~1.0.5' }
291 verbose addNamed [ 'which', '~1.0.5' ]
292 verbose addNamed [ null, '>=1.0.5- <1.1.0-' ]
293 silly lockFile d158d65e-which-1-0-5 which@~1.0.5
294 verbose lock which@~1.0.5 /home/d1mmmk/.npm/d158d65e-which-1-0-5.lock
295 verbose cache add [ 'js-yaml@~2.0.2', null ]
296 verbose cache add name=undefined spec="js-yaml@~2.0.2" args=["js-yaml@~2.0.2",null]
297 verbose parsed url { protocol: null,
297 verbose parsed url   slashes: null,
297 verbose parsed url   auth: null,
297 verbose parsed url   host: null,
297 verbose parsed url   port: null,
297 verbose parsed url   hostname: null,
297 verbose parsed url   hash: null,
297 verbose parsed url   search: null,
297 verbose parsed url   query: null,
297 verbose parsed url   pathname: 'js-yaml@~2.0.2',
297 verbose parsed url   path: 'js-yaml@~2.0.2',
297 verbose parsed url   href: 'js-yaml@~2.0.2' }
298 verbose cache add name="js-yaml" spec="~2.0.2" args=["js-yaml","~2.0.2"]
299 verbose parsed url { protocol: null,
299 verbose parsed url   slashes: null,
299 verbose parsed url   auth: null,
299 verbose parsed url   host: null,
299 verbose parsed url   port: null,
299 verbose parsed url   hostname: null,
299 verbose parsed url   hash: null,
299 verbose parsed url   search: null,
299 verbose parsed url   query: null,
299 verbose parsed url   pathname: '~2.0.2',
299 verbose parsed url   path: '~2.0.2',
299 verbose parsed url   href: '~2.0.2' }
300 verbose addNamed [ 'js-yaml', '~2.0.2' ]
301 verbose addNamed [ null, '>=2.0.2- <2.1.0-' ]
302 silly lockFile 0dc3e23f-js-yaml-2-0-2 js-yaml@~2.0.2
303 verbose lock js-yaml@~2.0.2 /home/d1mmmk/.npm/0dc3e23f-js-yaml-2-0-2.lock
304 silly addNameRange { name: 'underscore.string',
304 silly addNameRange   range: '>=2.2.0rc <2.3.0-',
304 silly addNameRange   hasData: false }
305 silly addNameRange { name: 'which', range: '>=1.0.5- <1.1.0-', hasData: false }
306 silly addNameRange { name: 'js-yaml', range: '>=2.0.2- <2.1.0-', hasData: false }
307 verbose registry.get colors not expired, no request
308 silly addNameRange number 2 { name: 'colors', range: '>=0.6.0-1 <0.7.0-', hasData: true }
309 silly addNameRange versions [ 'colors', [ '0.3.0', '0.5.0', '0.5.1', '0.6.0', '0.6.0-1' ] ]
310 verbose addNamed [ 'colors', '0.6.0-1' ]
311 verbose addNamed [ '0.6.0-1', '0.6.0-1' ]
312 silly lockFile 02eba27f-colors-0-6-0-1 colors@0.6.0-1
313 verbose lock colors@0.6.0-1 /home/d1mmmk/.npm/02eba27f-colors-0-6-0-1.lock
314 verbose registry.get async not expired, no request
315 silly addNameRange number 2 { name: 'async', range: '>=0.1.22- <0.2.0-', hasData: true }
316 silly addNameRange versions [ 'async',
316 silly addNameRange   [ '0.1.0',
316 silly addNameRange     '0.1.1',
316 silly addNameRange     '0.1.2',
316 silly addNameRange     '0.1.3',
316 silly addNameRange     '0.1.4',
316 silly addNameRange     '0.1.5',
316 silly addNameRange     '0.1.6',
316 silly addNameRange     '0.1.7',
316 silly addNameRange     '0.1.8',
316 silly addNameRange     '0.1.9',
316 silly addNameRange     '0.1.10',
316 silly addNameRange     '0.1.11',
316 silly addNameRange     '0.1.12',
316 silly addNameRange     '0.1.13',
316 silly addNameRange     '0.1.14',
316 silly addNameRange     '0.1.15',
316 silly addNameRange     '0.1.16',
316 silly addNameRange     '0.1.17',
316 silly addNameRange     '0.1.18',
316 silly addNameRange     '0.1.19',
316 silly addNameRange     '0.1.20',
316 silly addNameRange     '0.1.21',
316 silly addNameRange     '0.1.22',
316 silly addNameRange     '0.2.0',
316 silly addNameRange     '0.2.1',
316 silly addNameRange     '0.2.2',
316 silly addNameRange     '0.2.3',
316 silly addNameRange     '0.2.4',
316 silly addNameRange     '0.2.5',
316 silly addNameRange     '0.2.6',
316 silly addNameRange     '0.2.7',
316 silly addNameRange     '0.2.8',
316 silly addNameRange     '0.2.9' ] ]
317 verbose addNamed [ 'async', '0.1.22' ]
318 verbose addNamed [ '0.1.22', '0.1.22' ]
319 silly lockFile 09d21715-async-0-1-22 async@0.1.22
320 verbose lock async@0.1.22 /home/d1mmmk/.npm/09d21715-async-0-1-22.lock
321 verbose registry.get coffee-script not expired, no request
322 silly addNameRange number 2 { name: 'coffee-script',
322 silly addNameRange   range: '>=1.3.3- <1.4.0-',
322 silly addNameRange   hasData: true }
323 silly addNameRange versions [ 'coffee-script',
323 silly addNameRange   [ '0.7.0',
323 silly addNameRange     '0.7.1',
323 silly addNameRange     '0.7.2',
323 silly addNameRange     '0.9.0',
323 silly addNameRange     '0.9.1',
323 silly addNameRange     '0.9.2',
323 silly addNameRange     '0.9.3',
323 silly addNameRange     '0.9.4',
323 silly addNameRange     '0.9.5',
323 silly addNameRange     '0.9.6',
323 silly addNameRange     '1.0.0',
323 silly addNameRange     '1.0.1',
323 silly addNameRange     '1.1.0',
323 silly addNameRange     '1.1.1',
323 silly addNameRange     '1.1.2',
323 silly addNameRange     '1.1.3',
323 silly addNameRange     '1.2.0',
323 silly addNameRange     '1.3.0',
323 silly addNameRange     '1.3.1',
323 silly addNameRange     '1.3.2',
323 silly addNameRange     '1.3.3',
323 silly addNameRange     '1.4.0',
323 silly addNameRange     '1.5.0',
323 silly addNameRange     '1.6.0',
323 silly addNameRange     '1.6.1',
323 silly addNameRange     '1.6.2',
323 silly addNameRange     '1.6.3' ] ]
324 verbose addNamed [ 'coffee-script', '1.3.3' ]
325 verbose addNamed [ '1.3.3', '1.3.3' ]
326 silly lockFile 022c8436-coffee-script-1-3-3 coffee-script@1.3.3
327 verbose lock coffee-script@1.3.3 /home/d1mmmk/.npm/022c8436-coffee-script-1-3-3.lock
328 verbose registry.get dateformat/1.0.2-1.2.3 not expired, no request
329 verbose registry.get eventemitter2 not expired, no request
330 silly addNameRange number 2 { name: 'eventemitter2',
330 silly addNameRange   range: '>=0.4.9- <0.5.0-',
330 silly addNameRange   hasData: true }
331 silly addNameRange versions [ 'eventemitter2',
331 silly addNameRange   [ '0.0.1',
331 silly addNameRange     '0.1.0',
331 silly addNameRange     '0.1.1',
331 silly addNameRange     '0.1.3',
331 silly addNameRange     '0.2.5',
331 silly addNameRange     '0.2.6',
331 silly addNameRange     '0.2.7',
331 silly addNameRange     '0.3.5',
331 silly addNameRange     '0.3.6',
331 silly addNameRange     '0.3.7',
331 silly addNameRange     '0.4.0',
331 silly addNameRange     '0.4.1',
331 silly addNameRange     '0.4.3',
331 silly addNameRange     '0.4.6',
331 silly addNameRange     '0.4.7',
331 silly addNameRange     '0.4.8',
331 silly addNameRange     '0.4.9',
331 silly addNameRange     '0.4.10',
331 silly addNameRange     '0.4.11',
331 silly addNameRange     '0.4.12' ] ]
332 verbose addNamed [ 'eventemitter2', '0.4.12' ]
333 verbose addNamed [ '0.4.12', '0.4.12' ]
334 silly lockFile 1aad4820-eventemitter2-0-4-12 eventemitter2@0.4.12
335 verbose lock eventemitter2@0.4.12 /home/d1mmmk/.npm/1aad4820-eventemitter2-0-4-12.lock
336 verbose registry.get findup-sync not expired, no request
337 silly addNameRange number 2 { name: 'findup-sync', range: '>=0.1.0- <0.2.0-', hasData: true }
338 silly addNameRange versions [ 'findup-sync', [ '0.1.0', '0.1.1', '0.1.2' ] ]
339 verbose addNamed [ 'findup-sync', '0.1.2' ]
340 verbose addNamed [ '0.1.2', '0.1.2' ]
341 silly lockFile d7184b2b-findup-sync-0-1-2 findup-sync@0.1.2
342 verbose lock findup-sync@0.1.2 /home/d1mmmk/.npm/d7184b2b-findup-sync-0-1-2.lock
343 verbose registry.get glob not expired, no request
344 silly addNameRange number 2 { name: 'glob', range: '>=3.1.21- <3.2.0-', hasData: true }
345 silly addNameRange versions [ 'glob',
345 silly addNameRange   [ '1.1.0',
345 silly addNameRange     '2.0.9',
345 silly addNameRange     '2.0.8',
345 silly addNameRange     '2.0.7',
345 silly addNameRange     '2.1.0',
345 silly addNameRange     '3.0.0',
345 silly addNameRange     '3.0.1',
345 silly addNameRange     '3.1.0',
345 silly addNameRange     '3.1.1',
345 silly addNameRange     '3.1.2',
345 silly addNameRange     '3.1.3',
345 silly addNameRange     '3.1.4',
345 silly addNameRange     '3.1.5',
345 silly addNameRange     '3.1.6',
345 silly addNameRange     '3.1.7',
345 silly addNameRange     '3.1.9',
345 silly addNameRange     '3.1.10',
345 silly addNameRange     '3.1.11',
345 silly addNameRange     '3.1.12',
345 silly addNameRange     '3.1.13',
345 silly addNameRange     '3.1.14',
345 silly addNameRange     '3.1.15',
345 silly addNameRange     '3.1.16',
345 silly addNameRange     '3.1.17',
345 silly addNameRange     '3.1.18',
345 silly addNameRange     '3.1.19',
345 silly addNameRange     '3.1.20',
345 silly addNameRange     '3.1.21',
345 silly addNameRange     '3.2.0',
345 silly addNameRange     '3.2.1' ] ]
346 verbose addNamed [ 'glob', '3.1.21' ]
347 verbose addNamed [ '3.1.21', '3.1.21' ]
348 silly lockFile ab465912-glob-3-1-21 glob@3.1.21
349 verbose lock glob@3.1.21 /home/d1mmmk/.npm/ab465912-glob-3-1-21.lock
350 verbose read json /home/d1mmmk/.npm/colors/0.6.0-1/package/package.json
351 verbose read json /home/d1mmmk/.npm/async/0.1.22/package/package.json
352 verbose read json /home/d1mmmk/.npm/dateformat/1.0.2-1.2.3/package/package.json
353 verbose registry.get hooker not expired, no request
354 silly addNameRange number 2 { name: 'hooker', range: '>=0.2.3- <0.3.0-', hasData: true }
355 silly addNameRange versions [ 'hooker', [ '0.2.3' ] ]
356 verbose addNamed [ 'hooker', '0.2.3' ]
357 verbose addNamed [ '0.2.3', '0.2.3' ]
358 silly lockFile 97e6505f-hooker-0-2-3 hooker@0.2.3
359 verbose lock hooker@0.2.3 /home/d1mmmk/.npm/97e6505f-hooker-0-2-3.lock
360 verbose registry.get iconv-lite not expired, no request
361 silly addNameRange number 2 { name: 'iconv-lite', range: '>=0.2.5- <0.3.0-', hasData: true }
362 silly addNameRange versions [ 'iconv-lite',
362 silly addNameRange   [ '0.1.0',
362 silly addNameRange     '0.1.1',
362 silly addNameRange     '0.1.2',
362 silly addNameRange     '0.1.3',
362 silly addNameRange     '0.1.4',
362 silly addNameRange     '0.2.0',
362 silly addNameRange     '0.2.1',
362 silly addNameRange     '0.2.3',
362 silly addNameRange     '0.2.4',
362 silly addNameRange     '0.2.5',
362 silly addNameRange     '0.2.6',
362 silly addNameRange     '0.2.7',
362 silly addNameRange     '0.2.8',
362 silly addNameRange     '0.2.9',
362 silly addNameRange     '0.2.10' ] ]
363 verbose addNamed [ 'iconv-lite', '0.2.10' ]
364 verbose addNamed [ '0.2.10', '0.2.10' ]
365 silly lockFile 9ba4da49-iconv-lite-0-2-10 iconv-lite@0.2.10
366 verbose lock iconv-lite@0.2.10 /home/d1mmmk/.npm/9ba4da49-iconv-lite-0-2-10.lock
367 verbose registry.get minimatch not expired, no request
368 silly addNameRange number 2 { name: 'minimatch', range: '>=0.2.6- <0.3.0-', hasData: true }
369 silly addNameRange versions [ 'minimatch',
369 silly addNameRange   [ '0.0.1',
369 silly addNameRange     '0.0.2',
369 silly addNameRange     '0.0.4',
369 silly addNameRange     '0.0.5',
369 silly addNameRange     '0.1.1',
369 silly addNameRange     '0.1.2',
369 silly addNameRange     '0.1.3',
369 silly addNameRange     '0.1.4',
369 silly addNameRange     '0.1.5',
369 silly addNameRange     '0.2.0',
369 silly addNameRange     '0.2.2',
369 silly addNameRange     '0.2.3',
369 silly addNameRange     '0.2.4',
369 silly addNameRange     '0.2.5',
369 silly addNameRange     '0.2.6',
369 silly addNameRange     '0.2.7',
369 silly addNameRange     '0.2.8',
369 silly addNameRange     '0.2.9',
369 silly addNameRange     '0.2.10',
369 silly addNameRange     '0.2.11',
369 silly addNameRange     '0.2.12' ] ]
370 verbose addNamed [ 'minimatch', '0.2.12' ]
371 verbose addNamed [ '0.2.12', '0.2.12' ]
372 silly lockFile 16b89810-minimatch-0-2-12 minimatch@0.2.12
373 verbose lock minimatch@0.2.12 /home/d1mmmk/.npm/16b89810-minimatch-0-2-12.lock
374 verbose registry.get nopt not expired, no request
375 silly addNameRange number 2 { name: 'nopt', range: '>=1.0.10- <1.1.0-', hasData: true }
376 silly addNameRange versions [ 'nopt',
376 silly addNameRange   [ '1.0.0',
376 silly addNameRange     '1.0.1',
376 silly addNameRange     '1.0.2',
376 silly addNameRange     '1.0.3',
376 silly addNameRange     '1.0.4',
376 silly addNameRange     '1.0.5',
376 silly addNameRange     '1.0.6',
376 silly addNameRange     '1.0.7',
376 silly addNameRange     '1.0.8',
376 silly addNameRange     '1.0.9',
376 silly addNameRange     '1.0.10',
376 silly addNameRange     '2.0.0',
376 silly addNameRange     '2.1.0',
376 silly addNameRange     '2.1.1' ] ]
377 verbose addNamed [ 'nopt', '1.0.10' ]
378 verbose addNamed [ '1.0.10', '1.0.10' ]
379 silly lockFile 1be903a1-nopt-1-0-10 nopt@1.0.10
380 verbose lock nopt@1.0.10 /home/d1mmmk/.npm/1be903a1-nopt-1-0-10.lock
381 verbose registry.get rimraf not expired, no request
382 silly addNameRange number 2 { name: 'rimraf', range: '>=2.0.2- <2.1.0-', hasData: true }
383 silly addNameRange versions [ 'rimraf',
383 silly addNameRange   [ '1.0.0',
383 silly addNameRange     '1.0.1',
383 silly addNameRange     '1.0.2',
383 silly addNameRange     '1.0.4',
383 silly addNameRange     '1.0.5',
383 silly addNameRange     '1.0.6',
383 silly addNameRange     '1.0.7',
383 silly addNameRange     '1.0.8',
383 silly addNameRange     '1.0.9',
383 silly addNameRange     '2.0.0',
383 silly addNameRange     '2.0.1',
383 silly addNameRange     '2.0.2',
383 silly addNameRange     '2.0.3',
383 silly addNameRange     '2.1.0',
383 silly addNameRange     '2.1.1',
383 silly addNameRange     '2.1.2',
383 silly addNameRange     '2.1.3',
383 silly addNameRange     '2.1.4',
383 silly addNameRange     '2.2.0' ] ]
384 verbose addNamed [ 'rimraf', '2.0.3' ]
385 verbose addNamed [ '2.0.3', '2.0.3' ]
386 silly lockFile 166fc4dd-rimraf-2-0-3 rimraf@2.0.3
387 verbose lock rimraf@2.0.3 /home/d1mmmk/.npm/166fc4dd-rimraf-2-0-3.lock
388 verbose registry.get lodash not expired, no request
389 silly addNameRange number 2 { name: 'lodash', range: '>=0.9.0- <0.10.0-', hasData: true }
390 silly addNameRange versions [ 'lodash',
390 silly addNameRange   [ '0.1.0',
390 silly addNameRange     '0.2.0',
390 silly addNameRange     '0.2.1',
390 silly addNameRange     '0.2.2',
390 silly addNameRange     '0.3.0',
390 silly addNameRange     '0.3.1',
390 silly addNameRange     '0.3.2',
390 silly addNameRange     '0.4.0',
390 silly addNameRange     '0.4.1',
390 silly addNameRange     '0.4.2',
390 silly addNameRange     '0.5.0-rc.1',
390 silly addNameRange     '0.5.0',
390 silly addNameRange     '0.5.1',
390 silly addNameRange     '0.5.2',
390 silly addNameRange     '0.6.0',
390 silly addNameRange     '0.6.1',
390 silly addNameRange     '0.7.0',
390 silly addNameRange     '0.8.0',
390 silly addNameRange     '0.8.1',
390 silly addNameRange     '0.8.2',
390 silly addNameRange     '1.0.1',
390 silly addNameRange     '0.9.0',
390 silly addNameRange     '0.9.1',
390 silly addNameRange     '0.9.2',
390 silly addNameRange     '0.10.0',
390 silly addNameRange     '1.0.0-rc.1',
390 silly addNameRange     '1.0.0-rc.2',
390 silly addNameRange     '1.0.0-rc.3',
390 silly addNameRange     '1.0.0',
390 silly addNameRange     '1.1.0',
390 silly addNameRange     '1.1.1',
390 silly addNameRange     '1.2.0',
390 silly addNameRange     '1.2.1',
390 silly addNameRange     '1.3.0',
390 silly addNameRange     '1.3.1' ] ]
391 verbose addNamed [ 'lodash', '0.9.2' ]
392 verbose addNamed [ '0.9.2', '0.9.2' ]
393 silly lockFile 9802d919-lodash-0-9-2 lodash@0.9.2
394 verbose lock lodash@0.9.2 /home/d1mmmk/.npm/9802d919-lodash-0-9-2.lock
395 verbose registry.get underscore.string not expired, no request
396 silly addNameRange number 2 { name: 'underscore.string',
396 silly addNameRange   range: '>=2.2.0rc <2.3.0-',
396 silly addNameRange   hasData: true }
397 silly addNameRange versions [ 'underscore.string',
397 silly addNameRange   [ '0.9.2',
397 silly addNameRange     '1.0.0',
397 silly addNameRange     '1.1.3',
397 silly addNameRange     '1.1.4',
397 silly addNameRange     '1.1.5',
397 silly addNameRange     '1.1.6',
397 silly addNameRange     '2.0.0',
397 silly addNameRange     '2.1.0',
397 silly addNameRange     '2.1.1',
397 silly addNameRange     '2.3.0',
397 silly addNameRange     '2.3.1',
397 silly addNameRange     '2.2.0-rc' ] ]
398 silly lockFile d5a5a3c6-underscore-string-2-2-0rc underscore.string@~2.2.0rc
399 silly lockFile d5a5a3c6-underscore-string-2-2-0rc underscore.string@~2.2.0rc
400 verbose read json /home/d1mmmk/.npm/coffee-script/1.3.3/package/package.json
401 verbose read json /home/d1mmmk/.npm/eventemitter2/0.4.12/package/package.json
402 verbose read json /home/d1mmmk/.npm/findup-sync/0.1.2/package/package.json
403 verbose registry.get which not expired, no request
404 silly addNameRange number 2 { name: 'which', range: '>=1.0.5- <1.1.0-', hasData: true }
405 silly addNameRange versions [ 'which', [ '1.0.0', '1.0.1', '1.0.2', '1.0.3', '1.0.5' ] ]
406 verbose addNamed [ 'which', '1.0.5' ]
407 verbose addNamed [ '1.0.5', '1.0.5' ]
408 silly lockFile 4aed4494-which-1-0-5 which@1.0.5
409 verbose lock which@1.0.5 /home/d1mmmk/.npm/4aed4494-which-1-0-5.lock
410 verbose registry.get js-yaml not expired, no request
411 silly addNameRange number 2 { name: 'js-yaml', range: '>=2.0.2- <2.1.0-', hasData: true }
412 silly addNameRange versions [ 'js-yaml',
412 silly addNameRange   [ '0.2.0',
412 silly addNameRange     '0.2.1',
412 silly addNameRange     '0.2.2',
412 silly addNameRange     '0.3.0',
412 silly addNameRange     '0.3.1',
412 silly addNameRange     '0.3.2',
412 silly addNameRange     '0.3.3',
412 silly addNameRange     '0.3.4',
412 silly addNameRange     '0.3.5',
412 silly addNameRange     '0.3.6',
412 silly addNameRange     '0.3.7',
412 silly addNameRange     '1.0.0',
412 silly addNameRange     '1.0.1',
412 silly addNameRange     '1.0.2',
412 silly addNameRange     '1.0.3',
412 silly addNameRange     '2.0.0',
412 silly addNameRange     '2.0.1',
412 silly addNameRange     '2.0.2',
412 silly addNameRange     '2.0.3',
412 silly addNameRange     '2.0.4',
412 silly addNameRange     '2.0.5',
412 silly addNameRange     '2.1.0' ] ]
413 verbose addNamed [ 'js-yaml', '2.0.5' ]
414 verbose addNamed [ '2.0.5', '2.0.5' ]
415 silly lockFile 0aecb717-js-yaml-2-0-5 js-yaml@2.0.5
416 verbose lock js-yaml@2.0.5 /home/d1mmmk/.npm/0aecb717-js-yaml-2-0-5.lock
417 verbose read json /home/d1mmmk/.npm/glob/3.1.21/package/package.json
418 verbose read json /home/d1mmmk/.npm/hooker/0.2.3/package/package.json
419 verbose read json /home/d1mmmk/.npm/iconv-lite/0.2.10/package/package.json
420 verbose read json /home/d1mmmk/.npm/minimatch/0.2.12/package/package.json
421 verbose read json /home/d1mmmk/.npm/nopt/1.0.10/package/package.json
422 verbose read json /home/d1mmmk/.npm/rimraf/2.0.3/package/package.json
423 verbose read json /home/d1mmmk/.npm/lodash/0.9.2/package/package.json
424 verbose about to build /home/d1mmmk/www/gitplugins/jquery-touch/node_modules/grunt
425 info /home/d1mmmk/www/gitplugins/jquery-touch/node_modules/grunt unbuild
426 verbose from cache /home/d1mmmk/www/gitplugins/jquery-touch/node_modules/grunt/package.json
427 info preuninstall grunt@0.4.1
428 verbose read json /home/d1mmmk/.npm/which/1.0.5/package/package.json
429 verbose read json /home/d1mmmk/.npm/js-yaml/2.0.5/package/package.json
430 info uninstall grunt@0.4.1
431 verbose true,/home/d1mmmk/www/gitplugins/jquery-touch/node_modules,/home/d1mmmk/www/gitplugins/jquery-touch/node_modules unbuild grunt@0.4.1
432 info postuninstall grunt@0.4.1
433 silly lockFile 02eba27f-colors-0-6-0-1 colors@0.6.0-1
434 silly lockFile 02eba27f-colors-0-6-0-1 colors@0.6.0-1
435 silly lockFile 09d21715-async-0-1-22 async@0.1.22
436 silly lockFile 09d21715-async-0-1-22 async@0.1.22
437 warn package.json dateformat@1.0.2-1.2.3 No repository field.
438 silly lockFile 644d6e27-dateformat-1-0-2-1-2-3 dateformat@1.0.2-1.2.3
439 silly lockFile 644d6e27-dateformat-1-0-2-1-2-3 dateformat@1.0.2-1.2.3
440 silly lockFile 022c8436-coffee-script-1-3-3 coffee-script@1.3.3
441 silly lockFile 022c8436-coffee-script-1-3-3 coffee-script@1.3.3
442 silly lockFile 1aad4820-eventemitter2-0-4-12 eventemitter2@0.4.12
443 silly lockFile 1aad4820-eventemitter2-0-4-12 eventemitter2@0.4.12
444 silly lockFile d7184b2b-findup-sync-0-1-2 findup-sync@0.1.2
445 silly lockFile d7184b2b-findup-sync-0-1-2 findup-sync@0.1.2
446 silly lockFile ab465912-glob-3-1-21 glob@3.1.21
447 silly lockFile ab465912-glob-3-1-21 glob@3.1.21
448 silly lockFile f29bff6b-colors-0-6-0-1 colors@~0.6.0-1
449 silly lockFile f29bff6b-colors-0-6-0-1 colors@~0.6.0-1
450 silly lockFile 3af71045-async-0-1-22 async@~0.1.22
451 silly lockFile 3af71045-async-0-1-22 async@~0.1.22
452 silly lockFile 97e6505f-hooker-0-2-3 hooker@0.2.3
453 silly lockFile 97e6505f-hooker-0-2-3 hooker@0.2.3
454 silly lockFile 9ba4da49-iconv-lite-0-2-10 iconv-lite@0.2.10
455 silly lockFile 9ba4da49-iconv-lite-0-2-10 iconv-lite@0.2.10
456 silly lockFile 16b89810-minimatch-0-2-12 minimatch@0.2.12
457 silly lockFile 16b89810-minimatch-0-2-12 minimatch@0.2.12
458 silly lockFile 1be903a1-nopt-1-0-10 nopt@1.0.10
459 silly lockFile 1be903a1-nopt-1-0-10 nopt@1.0.10
460 silly lockFile 166fc4dd-rimraf-2-0-3 rimraf@2.0.3
461 silly lockFile 166fc4dd-rimraf-2-0-3 rimraf@2.0.3
462 silly lockFile 9802d919-lodash-0-9-2 lodash@0.9.2
463 silly lockFile 9802d919-lodash-0-9-2 lodash@0.9.2
464 silly lockFile f72bb580-coffee-script-1-3-3 coffee-script@~1.3.3
465 silly lockFile f72bb580-coffee-script-1-3-3 coffee-script@~1.3.3
466 silly lockFile 70573e74-eventemitter2-0-4-9 eventemitter2@~0.4.9
467 silly lockFile 70573e74-eventemitter2-0-4-9 eventemitter2@~0.4.9
468 silly lockFile 625605b9-findup-sync-0-1-0 findup-sync@~0.1.0
469 silly lockFile 625605b9-findup-sync-0-1-0 findup-sync@~0.1.0
470 silly lockFile 4aed4494-which-1-0-5 which@1.0.5
471 silly lockFile 4aed4494-which-1-0-5 which@1.0.5
472 silly lockFile 0aecb717-js-yaml-2-0-5 js-yaml@2.0.5
473 silly lockFile 0aecb717-js-yaml-2-0-5 js-yaml@2.0.5
474 silly lockFile b5074ddc-glob-3-1-21 glob@~3.1.21
475 silly lockFile b5074ddc-glob-3-1-21 glob@~3.1.21
476 silly lockFile 2bcd1457-hooker-0-2-3 hooker@~0.2.3
477 silly lockFile 2bcd1457-hooker-0-2-3 hooker@~0.2.3
478 silly lockFile ca9efaa1-iconv-lite-0-2-5 iconv-lite@~0.2.5
479 silly lockFile ca9efaa1-iconv-lite-0-2-5 iconv-lite@~0.2.5
480 silly lockFile 5922ee11-minimatch-0-2-6 minimatch@~0.2.6
481 silly lockFile 5922ee11-minimatch-0-2-6 minimatch@~0.2.6
482 silly lockFile 79f78dba-nopt-1-0-10 nopt@~1.0.10
483 silly lockFile 79f78dba-nopt-1-0-10 nopt@~1.0.10
484 silly lockFile 723423b4-rimraf-2-0-2 rimraf@~2.0.2
485 silly lockFile 723423b4-rimraf-2-0-2 rimraf@~2.0.2
486 silly lockFile 429879b8-lodash-0-9-0 lodash@~0.9.0
487 silly lockFile 429879b8-lodash-0-9-0 lodash@~0.9.0
488 silly lockFile d158d65e-which-1-0-5 which@~1.0.5
489 silly lockFile d158d65e-which-1-0-5 which@~1.0.5
490 silly lockFile 0dc3e23f-js-yaml-2-0-2 js-yaml@~2.0.2
491 silly lockFile 0dc3e23f-js-yaml-2-0-2 js-yaml@~2.0.2
492 error Error: No compatible version found: underscore.string@'>=2.2.0rc <2.3.0-'
492 error Valid install targets:
492 error ["0.9.2","1.0.0","1.1.3","1.1.4","1.1.5","1.1.6","2.0.0","2.1.0","2.1.1","2.3.0","2.3.1","2.2.0-rc"]
492 error     at installTargetsError (/usr/lib/node_modules/npm/lib/cache.js:719:10)
492 error     at next (/usr/lib/node_modules/npm/lib/cache.js:698:17)
492 error     at /usr/lib/node_modules/npm/lib/cache.js:678:5
492 error     at RegClient.get_ (/usr/lib/node_modules/npm/node_modules/npm-registry-client/lib/get.js:101:14)
492 error     at RegClient.<anonymous> (/usr/lib/node_modules/npm/node_modules/npm-registry-client/lib/get.js:37:12)
492 error     at fs.js:266:14
492 error     at Object.oncomplete (fs.js:107:15)
493 error If you need help, you may report this log at:
493 error     <http://github.com/isaacs/npm/issues>
493 error or email it to:
493 error     <npm-@googlegroups.com>
494 error System Linux 3.2.0-49-generic
495 error command "/usr/bin/node" "/usr/bin/npm" "install"
496 error cwd /home/d1mmmk/www/gitplugins/jquery-touch
497 error node -v v0.10.12
498 error npm -v 1.2.32
499 verbose exit [ 1, true ]
